<?xml version="1.0" encoding="UTF-8"?>
<testsuite xmlns:xsi="http://www.w3.org/2001/XMLSchema-instance" xsi:noNamespaceSchemaLocation="https://maven.apache.org/surefire/maven-surefire-plugin/xsd/surefire-test-report-3.0.xsd" version="3.0" name="domain.EngineTest" time="0.064" tests="4" errors="0" skipped="0" failures="0">
  <properties>
    <property name="java.specification.version" value="19"/>
    <property name="sun.jnu.encoding" value="UTF-8"/>
    <property name="java.class.path" value="/home/saeed/Workstation/CA3/target/test-classes:/home/saeed/Workstation/CA3/target/classes:/home/saeed/.m2/repository/org/projectlombok/lombok/1.18.26/lombok-1.18.26.jar:/home/saeed/.m2/repository/org/junit/jupiter/junit-jupiter-api/5.4.0-RC1/junit-jupiter-api-5.4.0-RC1.jar:/home/saeed/.m2/repository/org/apiguardian/apiguardian-api/1.0.0/apiguardian-api-1.0.0.jar:/home/saeed/.m2/repository/org/opentest4j/opentest4j/1.1.1/opentest4j-1.1.1.jar:/home/saeed/.m2/repository/org/junit/platform/junit-platform-commons/1.4.0-RC1/junit-platform-commons-1.4.0-RC1.jar:/home/saeed/.m2/repository/org/junit/jupiter/junit-jupiter-engine/5.4.0-RC1/junit-jupiter-engine-5.4.0-RC1.jar:/home/saeed/.m2/repository/org/junit/platform/junit-platform-engine/1.4.0-RC1/junit-platform-engine-1.4.0-RC1.jar:"/>
    <property name="java.vm.vendor" value="Private Build"/>
    <property name="sun.arch.data.model" value="64"/>
    <property name="java.vendor.url" value="Unknown"/>
    <property name="os.name" value="Linux"/>
    <property name="java.vm.specification.version" value="19"/>
    <property name="sun.java.launcher" value="SUN_STANDARD"/>
    <property name="user.country" value="US"/>
    <property name="sun.boot.library.path" value="/usr/lib/jvm/java-19-openjdk-amd64/lib"/>
    <property name="sun.java.command" value="/home/saeed/Workstation/CA3/target/surefire/surefirebooter-20231112045100699_3.jar /home/saeed/Workstation/CA3/target/surefire 2023-11-12T04-51-00_628-jvmRun1 surefire-20231112045100699_1tmp surefire_0-20231112045100699_2tmp"/>
    <property name="jdk.debug" value="release"/>
    <property name="surefire.test.class.path" value="/home/saeed/Workstation/CA3/target/test-classes:/home/saeed/Workstation/CA3/target/classes:/home/saeed/.m2/repository/org/projectlombok/lombok/1.18.26/lombok-1.18.26.jar:/home/saeed/.m2/repository/org/junit/jupiter/junit-jupiter-api/5.4.0-RC1/junit-jupiter-api-5.4.0-RC1.jar:/home/saeed/.m2/repository/org/apiguardian/apiguardian-api/1.0.0/apiguardian-api-1.0.0.jar:/home/saeed/.m2/repository/org/opentest4j/opentest4j/1.1.1/opentest4j-1.1.1.jar:/home/saeed/.m2/repository/org/junit/platform/junit-platform-commons/1.4.0-RC1/junit-platform-commons-1.4.0-RC1.jar:/home/saeed/.m2/repository/org/junit/jupiter/junit-jupiter-engine/5.4.0-RC1/junit-jupiter-engine-5.4.0-RC1.jar:/home/saeed/.m2/repository/org/junit/platform/junit-platform-engine/1.4.0-RC1/junit-platform-engine-1.4.0-RC1.jar:"/>
    <property name="sun.cpu.endian" value="little"/>
    <property name="user.home" value="/home/saeed"/>
    <property name="user.language" value="en"/>
    <property name="java.specification.vendor" value="Oracle Corporation"/>
    <property name="java.version.date" value="2023-01-17"/>
    <property name="java.home" value="/usr/lib/jvm/java-19-openjdk-amd64"/>
    <property name="file.separator" value="/"/>
    <property name="basedir" value="/home/saeed/Workstation/CA3"/>
    <property name="java.vm.compressedOopsMode" value="Zero based"/>
    <property name="line.separator" value="&#10;"/>
    <property name="java.specification.name" value="Java Platform API Specification"/>
    <property name="java.vm.specification.vendor" value="Oracle Corporation"/>
    <property name="surefire.real.class.path" value="/home/saeed/Workstation/CA3/target/surefire/surefirebooter-20231112045100699_3.jar"/>
    <property name="sun.management.compiler" value="HotSpot 64-Bit Tiered Compilers"/>
    <property name="java.runtime.version" value="19.0.2+7-Ubuntu-0ubuntu322.04"/>
    <property name="user.name" value="saeed"/>
    <property name="stdout.encoding" value="UTF-8"/>
    <property name="path.separator" value=":"/>
    <property name="os.version" value="6.2.0-36-generic"/>
    <property name="java.runtime.name" value="OpenJDK Runtime Environment"/>
    <property name="file.encoding" value="UTF-8"/>
    <property name="java.vm.name" value="OpenJDK 64-Bit Server VM"/>
    <property name="localRepository" value="/home/saeed/.m2/repository"/>
    <property name="java.vendor.url.bug" value="Unknown"/>
    <property name="java.io.tmpdir" value="/tmp"/>
    <property name="idea.version" value="2023.2"/>
    <property name="java.version" value="19.0.2"/>
    <property name="user.dir" value="/home/saeed/Workstation/CA3"/>
    <property name="os.arch" value="amd64"/>
    <property name="java.vm.specification.name" value="Java Virtual Machine Specification"/>
    <property name="native.encoding" value="UTF-8"/>
    <property name="java.library.path" value="/usr/java/packages/lib:/usr/lib/x86_64-linux-gnu/jni:/lib/x86_64-linux-gnu:/usr/lib/x86_64-linux-gnu:/usr/lib/jni:/lib:/usr/lib"/>
    <property name="java.vm.info" value="mixed mode, sharing"/>
    <property name="stderr.encoding" value="UTF-8"/>
    <property name="java.vendor" value="Private Build"/>
    <property name="java.vm.version" value="19.0.2+7-Ubuntu-0ubuntu322.04"/>
    <property name="sun.io.unicode.encoding" value="UnicodeLittle"/>
    <property name="java.class.version" value="63.0"/>
  </properties>
  <testcase name="shouldNotAddZeroQuantityOrder" classname="domain.EngineTest" time="0.04"/>
  <testcase name="shouldReturnQuantityPatternByPrice" classname="domain.EngineTest" time="0.002">
    <system-out><![CDATA[Price: 100
currentOrderId: 5
previousId: 4
diff: 0
currentOrder.quantity - previous.quantity: 5
currentOrderId: 6
previousId: 5
diff: 5
currentOrder.quantity - previous.quantity: 5
Price: 200
]]></system-out>
  </testcase>
  <testcase name="shouldAddOrder" classname="domain.EngineTest" time="0.001"/>
  <testcase name="shouldNotAddSameOrder" classname="domain.EngineTest" time="0.002"/>
</testsuite>